<?xml version="1.0" encoding="UTF-8"?>
<!-- Generated by org.testng.reporters.JUnitReportReporter -->
<testsuite hostname="DESKTOP-181M6IU" failures="0" tests="1" name="scripts.Test1" time="0.003" errors="0" timestamp="2022-07-26T16:29:36 IST" skipped="0">
  <testcase classname="scripts.Test1" name="tc1" time="0.003"/>
  <system-out>
    <![CDATA[Hello Jenkins]]>
  </system-out>
</testsuite> <!-- scripts.Test1 -->
