<?xml version="1.0" encoding="UTF-8"?>
<!-- Generated by org.testng.reporters.JUnitReportReporter -->
<testsuite hostname="DESKTOP-181M6IU" failures="0" tests="1" name="scripts.Test3" time="0.020" errors="0" timestamp="2022-07-26T16:29:36 IST" skipped="0">
  <testcase classname="scripts.Test3" name="tc3" time="0.020"/>
  <system-out>
    <![CDATA[Java Selenium]]>
  </system-out>
</testsuite> <!-- scripts.Test3 -->
