<?xml version="1.0" encoding="UTF-8"?>
<!-- Generated by org.testng.reporters.JUnitReportReporter -->
<testsuite hostname="DESKTOP-181M6IU" failures="0" tests="1" name="scripts.Test2" time="0.004" errors="0" timestamp="2022-07-26T16:29:36 IST" skipped="0">
  <testcase classname="scripts.Test2" name="tc2" time="0.004"/>
  <system-out>
    <![CDATA[Hello selenium python]]>
  </system-out>
</testsuite> <!-- scripts.Test2 -->
